TN:
SF:/Users/rgomesfindmore/Projects/hostmaker-property-details-api-example/src/api/properties/model.js
FN:8,(anonymous_0)
FN:13,(anonymous_1)
FN:18,(anonymous_2)
FN:23,(anonymous_3)
FN:32,(anonymous_4)
FN:44,(anonymous_5)
FN:54,(anonymous_6)
FN:84,(anonymous_7)
FN:88,(anonymous_8)
FN:90,(anonymous_9)
FN:91,(anonymous_10)
FN:95,(anonymous_11)
FNF:12
FNH:1
FNDA:1,(anonymous_0)
FNDA:0,(anonymous_1)
FNDA:0,(anonymous_2)
FNDA:0,(anonymous_3)
FNDA:0,(anonymous_4)
FNDA:0,(anonymous_5)
FNDA:0,(anonymous_6)
FNDA:0,(anonymous_7)
FNDA:0,(anonymous_8)
FNDA:0,(anonymous_9)
FNDA:0,(anonymous_10)
FNDA:0,(anonymous_11)
DA:1,1
DA:2,1
DA:3,1
DA:4,1
DA:5,1
DA:9,1
DA:10,1
DA:14,0
DA:15,0
DA:19,0
DA:20,0
DA:24,0
DA:26,0
DA:27,0
DA:28,0
DA:29,0
DA:33,0
DA:34,0
DA:36,0
DA:37,0
DA:38,0
DA:40,0
DA:41,0
DA:45,0
DA:46,0
DA:51,0
DA:55,0
DA:56,0
DA:57,0
DA:58,0
DA:59,0
DA:61,0
DA:62,0
DA:63,0
DA:64,0
DA:65,0
DA:66,0
DA:68,0
DA:70,0
DA:71,0
DA:72,0
DA:73,0
DA:74,0
DA:76,0
DA:77,0
DA:79,0
DA:81,0
DA:85,0
DA:89,0
DA:90,0
DA:91,0
DA:96,0
DA:97,0
DA:98,0
DA:99,0
DA:100,0
DA:101,0
DA:103,0
DA:104,0
DA:105,0
DA:106,0
DA:107,0
DA:108,0
DA:110,0
DA:112,0
DA:117,0
DA:119,0
DA:120,0
DA:122,0
DA:124,0
DA:128,1
LF:71
LH:8
BRDA:8,0,0,1
BRDA:34,1,0,0
BRDA:34,1,1,0
BRDA:59,2,0,0
BRDA:59,2,1,0
BRDA:61,3,0,0
BRDA:61,3,1,0
BRDA:62,4,0,0
BRDA:62,4,1,0
BRDA:62,5,0,0
BRDA:62,5,1,0
BRDA:62,5,2,0
BRDA:63,6,0,0
BRDA:63,6,1,0
BRDA:63,7,0,0
BRDA:63,7,1,0
BRDA:63,7,2,0
BRDA:64,8,0,0
BRDA:64,8,1,0
BRDA:65,9,0,0
BRDA:65,9,1,0
BRDA:65,10,0,0
BRDA:65,10,1,0
BRDA:65,10,2,0
BRDA:66,11,0,0
BRDA:66,11,1,0
BRDA:70,12,0,0
BRDA:70,12,1,0
BRDA:71,13,0,0
BRDA:71,13,1,0
BRDA:72,14,0,0
BRDA:72,14,1,0
BRDA:73,15,0,0
BRDA:73,15,1,0
BRDA:74,16,0,0
BRDA:74,16,1,0
BRDA:91,17,0,0
BRDA:91,17,1,0
BRDA:100,18,0,0
BRDA:100,18,1,0
BRDA:103,19,0,0
BRDA:103,19,1,0
BRDA:104,20,0,0
BRDA:104,20,1,0
BRDA:104,21,0,0
BRDA:104,21,1,0
BRDA:105,22,0,0
BRDA:105,22,1,0
BRDA:105,23,0,0
BRDA:105,23,1,0
BRDA:106,24,0,0
BRDA:106,24,1,0
BRDA:107,25,0,0
BRDA:107,25,1,0
BRDA:107,26,0,0
BRDA:107,26,1,0
BRDA:108,27,0,0
BRDA:108,27,1,0
BRDA:112,28,0,0
BRDA:112,28,1,0
BRDA:112,29,0,0
BRDA:112,29,1,0
BRDA:112,29,2,0
BRDA:112,29,3,0
BRDA:112,29,4,0
BRF:65
BRH:1
end_of_record
TN:
SF:/Users/rgomesfindmore/Projects/hostmaker-property-details-api-example/src/api/properties/queries.js
FN:2,(anonymous_0)
FN:19,(anonymous_1)
FN:34,(anonymous_2)
FN:48,(anonymous_3)
FNF:4
FNH:0
FNDA:0,(anonymous_0)
FNDA:0,(anonymous_1)
FNDA:0,(anonymous_2)
FNDA:0,(anonymous_3)
DA:3,0
DA:20,0
DA:35,0
DA:49,0
DA:53,1
LF:5
LH:1
BRF:0
BRH:0
end_of_record
TN:
SF:/Users/rgomesfindmore/Projects/hostmaker-property-details-api-example/src/api/versions/model.js
FN:7,(anonymous_0)
FN:11,(anonymous_1)
FN:16,(anonymous_2)
FN:22,(anonymous_3)
FN:29,(anonymous_4)
FNF:5
FNH:1
FNDA:1,(anonymous_0)
FNDA:0,(anonymous_1)
FNDA:0,(anonymous_2)
FNDA:0,(anonymous_3)
FNDA:0,(anonymous_4)
DA:1,1
DA:2,1
DA:3,1
DA:8,1
DA:12,0
DA:13,0
DA:17,0
DA:18,0
DA:19,0
DA:23,0
DA:24,0
DA:25,0
DA:26,0
DA:30,0
DA:31,0
DA:35,1
LF:16
LH:5
BRDA:18,0,0,0
BRDA:18,0,1,0
BRF:2
BRH:0
end_of_record
TN:
SF:/Users/rgomesfindmore/Projects/hostmaker-property-details-api-example/src/api/versions/queries.js
FN:2,(anonymous_0)
FN:20,(anonymous_1)
FN:31,(anonymous_2)
FN:48,(anonymous_3)
FNF:4
FNH:0
FNDA:0,(anonymous_0)
FNDA:0,(anonymous_1)
FNDA:0,(anonymous_2)
FNDA:0,(anonymous_3)
DA:3,0
DA:21,0
DA:32,0
DA:49,0
DA:53,1
LF:5
LH:1
BRF:0
BRH:0
end_of_record
TN:
SF:/Users/rgomesfindmore/Projects/hostmaker-property-details-api-example/src/configuration/index.js
FN:15,(anonymous_0)
FNF:1
FNH:1
FNDA:14,(anonymous_0)
DA:1,1
DA:16,14
DA:20,1
LF:3
LH:3
BRDA:16,0,0,14
BRDA:16,0,1,10
BRF:2
BRH:2
end_of_record
TN:
SF:/Users/rgomesfindmore/Projects/hostmaker-property-details-api-example/src/connections/connection.js
FN:21,(anonymous_0)
FN:36,(anonymous_1)
FN:54,(anonymous_2)
FN:56,(anonymous_3)
FN:64,(anonymous_4)
FNF:5
FNH:5
FNDA:19,(anonymous_0)
FNDA:9,(anonymous_1)
FNDA:13,(anonymous_2)
FNDA:4,(anonymous_3)
FNDA:6,(anonymous_4)
DA:1,1
DA:2,1
DA:3,1
DA:4,1
DA:22,19
DA:23,19
DA:24,19
DA:25,19
DA:26,19
DA:27,19
DA:28,19
DA:37,9
DA:45,9
DA:46,9
DA:48,9
DA:55,13
DA:56,13
DA:57,4
DA:65,6
DA:69,1
LF:20
LH:20
BRDA:21,0,0,14
BRDA:21,1,0,14
BRDA:21,2,0,14
BRDA:21,3,0,14
BRDA:21,4,0,19
BRDA:22,5,0,19
BRDA:22,5,1,4
BRDA:57,6,0,4
BRDA:57,6,1,0
BRF:9
BRH:8
end_of_record
TN:
SF:/Users/rgomesfindmore/Projects/hostmaker-property-details-api-example/src/connections/index.js
FNF:0
FNH:0
DA:1,1
LF:1
LH:1
BRF:0
BRH:0
end_of_record
TN:
SF:/Users/rgomesfindmore/Projects/hostmaker-property-details-api-example/src/connections/mysql/index.js
FN:19,(anonymous_0)
FN:28,(anonymous_1)
FNF:2
FNH:2
FNDA:14,(anonymous_0)
FNDA:4,(anonymous_1)
DA:1,1
DA:20,14
DA:29,4
DA:33,1
LF:4
LH:4
BRDA:20,0,0,14
BRDA:20,0,1,13
BRF:2
BRH:2
end_of_record
TN:
SF:/Users/rgomesfindmore/Projects/hostmaker-property-details-api-example/src/database/index.js
FNF:0
FNH:0
DA:1,1
LF:1
LH:1
BRF:0
BRH:0
end_of_record
TN:
SF:/Users/rgomesfindmore/Projects/hostmaker-property-details-api-example/src/database/runner.js
FN:16,(anonymous_0)
FN:32,(anonymous_1)
FNF:2
FNH:2
FNDA:17,(anonymous_0)
FNDA:31,(anonymous_1)
DA:1,1
DA:17,17
DA:18,17
DA:19,17
DA:33,31
DA:34,31
DA:35,13
DA:36,13
DA:38,18
DA:39,15
DA:40,10
DA:42,5
DA:43,5
DA:46,3
DA:47,3
DA:53,1
LF:16
LH:16
BRDA:17,0,0,17
BRDA:17,0,1,4
BRDA:32,1,0,7
BRDA:32,2,0,7
BRDA:38,3,0,15
BRDA:38,3,1,3
BRDA:39,4,0,10
BRDA:39,4,1,5
BRF:8
BRH:8
end_of_record
TN:
SF:/Users/rgomesfindmore/Projects/hostmaker-property-details-api-example/src/database/mysql/index.js
FN:22,(anonymous_0)
FN:37,(anonymous_1)
FNF:2
FNH:2
FNDA:12,(anonymous_0)
FNDA:12,(anonymous_1)
DA:1,1
DA:2,1
DA:3,1
DA:23,12
DA:38,12
DA:39,12
DA:41,6
DA:42,6
DA:43,6
DA:47,1
LF:10
LH:10
BRDA:22,0,0,0
BRDA:22,1,0,11
BRDA:23,2,0,12
BRDA:23,2,1,3
BRDA:23,3,0,12
BRDA:23,3,1,11
BRDA:39,4,0,6
BRDA:39,4,1,6
BRF:8
BRH:7
end_of_record
TN:
SF:/Users/rgomesfindmore/Projects/hostmaker-property-details-api-example/src/locales/index.js
FN:33,(anonymous_0)
FNF:1
FNH:1
FNDA:23,(anonymous_0)
DA:1,1
DA:32,1
DA:33,23
LF:3
LH:3
BRDA:33,0,0,23
BRDA:33,0,1,23
BRF:2
BRH:2
end_of_record
TN:
SF:/Users/rgomesfindmore/Projects/hostmaker-property-details-api-example/src/middlewares/index.js
FN:18,(anonymous_0)
FN:33,(anonymous_1)
FN:45,(anonymous_2)
FN:59,(anonymous_3)
FN:60,(anonymous_4)
FN:75,(anonymous_5)
FN:93,(anonymous_6)
FN:106,(anonymous_7)
FNF:8
FNH:7
FNDA:7,(anonymous_0)
FNDA:7,(anonymous_1)
FNDA:2,(anonymous_2)
FNDA:1,(anonymous_3)
FNDA:0,(anonymous_4)
FNDA:6,(anonymous_5)
FNDA:3,(anonymous_6)
FNDA:4,(anonymous_7)
DA:1,1
DA:2,1
DA:19,7
DA:20,5
DA:34,7
DA:46,2
DA:60,1
DA:61,1
DA:76,6
DA:77,6
DA:78,6
DA:94,3
DA:95,3
DA:107,4
DA:109,2
DA:110,2
DA:111,2
DA:112,2
DA:113,2
DA:115,2
DA:119,1
LF:21
LH:21
BRDA:19,0,0,2
BRDA:19,0,1,5
BRDA:33,1,0,1
BRDA:33,2,0,2
BRDA:33,3,0,6
BRDA:34,4,0,7
BRDA:34,4,1,2
BRDA:45,5,0,1
BRDA:77,6,0,4
BRDA:77,6,1,2
BRDA:77,7,0,6
BRDA:77,7,1,4
BRDA:107,8,0,2
BRDA:107,8,1,2
BRF:14
BRH:14
end_of_record
TN:
SF:/Users/rgomesfindmore/Projects/hostmaker-property-details-api-example/src/model/index.js
FN:15,(anonymous_0)
FN:30,(anonymous_1)
FN:46,(anonymous_2)
FN:62,(anonymous_3)
FN:78,(anonymous_4)
FN:94,(anonymous_5)
FNF:6
FNH:6
FNDA:8,(anonymous_0)
FNDA:5,(anonymous_1)
FNDA:5,(anonymous_2)
FNDA:5,(anonymous_3)
FNDA:5,(anonymous_4)
FNDA:5,(anonymous_5)
DA:1,1
DA:16,8
DA:31,5
DA:32,5
DA:47,5
DA:48,5
DA:63,5
DA:64,5
DA:79,5
DA:80,5
DA:95,5
DA:96,5
DA:100,1
LF:13
LH:13
BRDA:30,0,0,4
BRDA:30,1,0,4
BRDA:46,2,0,4
BRDA:46,3,0,4
BRDA:62,4,0,4
BRDA:78,5,0,4
BRDA:94,6,0,4
BRF:7
BRH:7
end_of_record
TN:
SF:/Users/rgomesfindmore/Projects/hostmaker-property-details-api-example/src/utils/index.js
FNF:0
FNH:0
DA:1,1
LF:1
LH:1
BRF:0
BRH:0
end_of_record
TN:
SF:/Users/rgomesfindmore/Projects/hostmaker-property-details-api-example/src/utils/generic/index.js
FN:15,(anonymous_0)
FN:28,(anonymous_1)
FN:41,(anonymous_2)
FNF:3
FNH:3
FNDA:1,(anonymous_0)
FNDA:6,(anonymous_1)
FNDA:7,(anonymous_2)
DA:1,1
DA:2,1
DA:16,1
DA:29,6
DA:42,7
DA:46,1
LF:6
LH:6
BRDA:28,0,0,1
BRDA:41,1,0,1
BRF:2
BRH:2
end_of_record
TN:
SF:/Users/rgomesfindmore/Projects/hostmaker-property-details-api-example/src/utils/http/status.js
FNF:0
FNH:0
DA:1,1
LF:1
LH:1
BRF:0
BRH:0
end_of_record
TN:
SF:/Users/rgomesfindmore/Projects/hostmaker-property-details-api-example/src/utils/number/index.js
FN:17,(anonymous_0)
FN:35,(anonymous_1)
FN:49,(anonymous_2)
FNF:3
FNH:3
FNDA:17,(anonymous_0)
FNDA:18,(anonymous_1)
FNDA:8,(anonymous_2)
DA:1,1
DA:18,17
DA:19,13
DA:20,5
DA:21,5
DA:23,8
DA:36,18
DA:50,8
DA:54,1
LF:9
LH:9
BRDA:17,0,0,1
BRDA:18,1,0,4
BRDA:18,1,1,13
BRDA:19,2,0,5
BRDA:19,2,1,8
BRDA:35,3,0,1
BRDA:49,4,0,1
BRDA:49,5,0,6
BRDA:50,6,0,2
BRDA:50,6,1,6
BRF:10
BRH:10
end_of_record
TN:
SF:/Users/rgomesfindmore/Projects/hostmaker-property-details-api-example/src/utils/string/index.js
FN:17,(anonymous_0)
FN:31,(anonymous_1)
FNF:2
FNH:2
FNDA:16,(anonymous_0)
FNDA:9,(anonymous_1)
DA:1,1
DA:18,16
DA:32,9
DA:36,1
LF:4
LH:4
BRDA:17,0,0,1
BRDA:18,1,0,16
BRDA:18,1,1,12
BRDA:18,1,2,5
BRDA:31,2,0,1
BRDA:31,3,0,7
BRDA:32,4,0,2
BRDA:32,4,1,7
BRF:8
BRH:8
end_of_record
