TN:
SF:/Users/rgomesfindmore/Projects/hostmaker-property-details-api-example/src/api/properties/controller.js
FN:40,findAll
FN:77,findById
FN:144,create
FN:205,update
FN:235,remove
FNF:5
FNH:5
FNDA:1,findAll
FNDA:2,findById
FNDA:1,create
FNDA:1,update
FNDA:1,remove
DA:6,1
DA:8,1
DA:41,1
DA:42,1
DA:43,1
DA:45,0
DA:78,2
DA:79,2
DA:80,2
DA:81,2
DA:83,0
DA:145,1
DA:146,1
DA:147,1
DA:148,1
DA:149,1
DA:151,0
DA:206,1
DA:207,1
DA:208,1
DA:209,1
DA:211,0
DA:236,1
DA:237,1
DA:238,1
DA:239,1
DA:241,0
LF:27
LH:22
BRF:0
BRH:0
end_of_record
TN:
SF:/Users/rgomesfindmore/Projects/hostmaker-property-details-api-example/src/api/properties/queries.js
FN:2,(anonymous_0)
FN:19,(anonymous_1)
FN:34,(anonymous_2)
FN:48,(anonymous_3)
FNF:4
FNH:4
FNDA:7,(anonymous_0)
FNDA:1,(anonymous_1)
FNDA:1,(anonymous_2)
FNDA:1,(anonymous_3)
DA:3,7
DA:20,1
DA:35,1
DA:49,1
DA:53,1
LF:5
LH:5
BRF:0
BRH:0
end_of_record
TN:
SF:/Users/rgomesfindmore/Projects/hostmaker-property-details-api-example/src/api/properties/router.js
FN:11,(anonymous_0)
FNF:1
FNH:1
FNDA:1,(anonymous_0)
DA:6,1
DA:7,1
DA:8,1
DA:9,1
DA:11,1
DA:12,1
DA:16,1
DA:18,1
DA:23,1
LF:9
LH:9
BRF:0
BRH:0
end_of_record
TN:
SF:/Users/rgomesfindmore/Projects/hostmaker-property-details-api-example/src/api/versions/controller.js
FN:43,findPropertyVersions
FNF:1
FNH:1
FNDA:3,findPropertyVersions
DA:6,1
DA:8,1
DA:44,3
DA:45,3
DA:46,3
DA:47,3
DA:49,0
LF:7
LH:6
BRF:0
BRH:0
end_of_record
TN:
SF:/Users/rgomesfindmore/Projects/hostmaker-property-details-api-example/src/api/versions/queries.js
FN:2,(anonymous_0)
FN:20,(anonymous_1)
FN:31,(anonymous_2)
FN:48,(anonymous_3)
FNF:4
FNH:4
FNDA:3,(anonymous_0)
FNDA:2,(anonymous_1)
FNDA:2,(anonymous_2)
FNDA:1,(anonymous_3)
DA:3,3
DA:21,2
DA:32,2
DA:49,1
DA:53,1
LF:5
LH:5
BRF:0
BRH:0
end_of_record
